<?xml version="1.0" encoding="UTF-8"?>
<!-- Generated by org.testng.reporters.JUnitReportReporter -->
<testsuite skipped="0" hostname="DESKTOP-EE2U3D7" name="amazon.Test.LoginPageTest" tests="1" failures="0" timestamp="2020-06-27T22:50:00 IST" time="45.655" errors="0">
  <testcase name="doLoginTest" time="45.655" classname="amazon.Test.LoginPageTest"/>
  <system-out/>
</testsuite> <!-- amazon.Test.LoginPageTest -->
