<?xml version="1.0" encoding="UTF-8"?>
<!-- Generated by org.testng.reporters.JUnitReportReporter -->
<testsuite skipped="0" hostname="DESKTOP-EE2U3D7" name="amazon.Test.AddressPageTest" tests="1" failures="0" timestamp="2020-06-28T10:27:34 IST" time="74.463" errors="0">
  <testcase name="AddressCreationTest" time="74.463" classname="amazon.Test.AddressPageTest"/>
  <system-out/>
</testsuite> <!-- amazon.Test.AddressPageTest -->
